<?xml version="1.0" encoding="UTF-8"?>
<testsuite name="FileFindFilteringTest" tests="1" skipped="0" failures="0" errors="0" timestamp="2022-02-03T07:25:47" hostname="fansunyons-MacBook-Pro-2.local" time="0.013">
  <properties/>
  <testcase name="testMe()" classname="FileFindFilteringTest" time="0.013"/>
  <system-out><![CDATA[]]></system-out>
  <system-err><![CDATA[]]></system-err>
</testsuite>
